<?xml version="1.0" encoding="UTF-8"?>
<testsuite name="AnalyticsTest::Variables" skipped="0" failures="0" errors="0" tests="12" assertions="50" time="27.512214">
  <testcase name="test_0005_Tracks a custom list on click" classname="AnalyticsTest::Variables" assertions="5" time="2.3338">
  </testcase>
  <testcase name="test_0007_Tracks a custom hierarchy on click" classname="AnalyticsTest::Variables" assertions="5" time="2.478361">
  </testcase>
  <testcase name="test_0009_tracks custom variables assigned after page load from a radio button" classname="AnalyticsTest::Variables" assertions="1" time="1.292155">
  </testcase>
  <testcase name="test_0004_Tracks a custom list on page load" classname="AnalyticsTest::Variables" assertions="5" time="2.224004">
  </testcase>
  <testcase name="test_0008_tracks custom variables assigned after page load in a text field" classname="AnalyticsTest::Variables" assertions="1" time="1.196203">
  </testcase>
  <testcase name="test_0011_tracks a standard variable sent with a button click" classname="AnalyticsTest::Variables" assertions="3" time="1.673162">
  </testcase>
  <testcase name="test_0010_tracks a custom variable assigned on page load but set with a button click" classname="AnalyticsTest::Variables" assertions="5" time="2.450338">
  </testcase>
  <testcase name="test_0001_Tracks a custom var on page load" classname="AnalyticsTest::Variables" assertions="5" time="2.375339">
  </testcase>
  <testcase name="test_0006_Tracks a custom hierarchy on page load" classname="AnalyticsTest::Variables" assertions="5" time="2.502695">
  </testcase>
  <testcase name="test_0003_Tracks a custom var with eVar and a prop on click" classname="AnalyticsTest::Variables" assertions="6" time="3.133488">
  </testcase>
  <testcase name="test_0002_Tracks a custom var with only a prop on page load" classname="AnalyticsTest::Variables" assertions="5" time="2.777325">
  </testcase>
  <testcase name="test_0012_tracks a standard variable sent on page load" classname="AnalyticsTest::Variables" assertions="4" time="3.075344">
  </testcase>
</testsuite>
