<?xml version="1.0" encoding="UTF-8"?>
<testsuite name="AnalyticsTest::Errors" skipped="0" failures="0" errors="0" tests="3" assertions="9" time="2.771725">
  <testcase name="test_0003_can send pageType error" classname="AnalyticsTest::Errors" assertions="3" time="1.020888">
  </testcase>
  <testcase name="test_0002_Can send errors variable" classname="AnalyticsTest::Errors" assertions="3" time="0.879744">
  </testcase>
  <testcase name="test_0001_an event and variable is sent when triggering an error" classname="AnalyticsTest::Errors" assertions="3" time="0.871093">
  </testcase>
</testsuite>
